C51 COMPILER V9.00   MAIN                                                                  05/23/2022 23:24:46 PAGE 1   


C51 COMPILER V9.00, COMPILATION OF MODULE MAIN
OBJECT MODULE PLACED IN .\Objects\main.obj
COMPILER INVOKED BY: D:\Keil_v5\C51\BIN\C51.EXE main.c OPTIMIZE(8,SPEED) BROWSE DEBUG OBJECTEXTEND PRINT(.\Listings\main
                    -.lst) TABS(2) OBJECT(.\Objects\main.obj)

line level    source

   1          #include <reg51.H>
   2          #define uchar unsigned char 
   3          #define uint  unsigned int
   4          uchar cp,cp1;
   5          uint ad0,vale = 0,temp_x;
   6          sbit P10=P1^0;
   7          sbit P11=P1^1;
   8          sbit P14=P1^4;
   9          float temp,I_vale,I_vale2[10],Izz = 0,temp_s = 20;
  10          #include <uart.c>
  11          #include <PCF8591.c>
  12          #include <stdio.h>        //启用printf，将printf重映射到串口
  13          
  14          bit bit1=0,flag;
  15          #include <stdio.h>        //启用printf，将printf重映射到串口
  16          void Timer_isr(void)interrupt 1
  17          {
  18   1        
  19   1        
  20   1          TH0 =0xf7;
  21   1        TL0 =0x5c;
  22   1        cp++;
  23   1      
  24   1        
  25   1        if(cp >= 200)
  26   1        {
  27   2          
  28   2          cp = 0;
  29   2          cp1++;
  30   2            
  31   2          if(cp1 >= 6)
  32   2          {
  33   3          ad0 = read_pcf8591(0x40);
  34   3          I_vale  =   (float)  ad0 *5/255;
  35   3           temp  =  (I_vale -2.5125)*34*10/1.6;
  36   3            I_vale2[vale] = I_vale;
  37   3            vale++;
  38   3            if(vale >= 10)   vale = 0;
  39   3            cp1 = 0;
  40   3            
  41   3          }
  42   2        }
  43   1        
  44   1      }
  45          void Timer_Init()
  46          {
  47   1          TMOD = 0x01;
  48   1        TH0 =0xf7;
  49   1        TL0 =0x5c;
  50   1      
  51   1        TR0 = 1;
  52   1      
  53   1        ET0 = 1;
  54   1      
C51 COMPILER V9.00   MAIN                                                                  05/23/2022 23:24:46 PAGE 2   

  55   1        EA =1;
  56   1      }
  57            void delayus(uint x)  //延时函数
  58          {
  59   1        while(x--);
  60   1      }
  61          void main()
  62          {
  63   1        Timer_Init();
  64   1      //   init_1602();
  65   1      //  LCD_clr1602();
  66   1      //  delayus(20000);
  67   1          uart_init();
  68   1         init_24c04();
  69   1      //  DS18B20_init();
  70   1            TI = 1;
  71   1      //    temp = get_temp();
  72   1      //    temp = get_temp();
  73   1        while(1)
  74   1        {
  75   2           
  76   2          if(P10 == 0)
  77   2          {
  78   3            while(P10 == 0);
  79   3            temp_s++;
  80   3            if(temp_s>=200)     temp_s=200;
  81   3          }
  82   2            if(P11 == 0)
  83   2          {
  84   3            while(P11 == 0);
  85   3            temp_s--;
  86   3            if(temp_s<=0)     temp_s=0;
  87   3          }
  88   2      if(temp >= temp_s) P14 =0;
  89   2          else P14 =1;
  90   2         TI = 1;
  91   2           printf("\r\ntemp:%f",temp);
  92   2          printf("\r\ntemp_s:%f",temp_s);
  93   2             TI = 0;
  94   2               TI = 1;
  95   2            printf("\r\nI:%f",I_vale);
  96   2            TI = 0;
  97   2        
  98   2          delayus(20000);
  99   2          
 100   2         
 101   2        
 102   2        }
 103   1      }


MODULE INFORMATION:   STATIC OVERLAYABLE
   CODE SIZE        =    683    ----
   CONSTANT SIZE    =     29    ----
   XDATA SIZE       =   ----    ----
   PDATA SIZE       =   ----    ----
   DATA SIZE        =     64       3
   IDATA SIZE       =   ----    ----
   BIT SIZE         =      3    ----
END OF MODULE INFORMATION.


C51 COMPILATION COMPLETE.  0 WARNING(S),  0 ERROR(S)
